# JRE version: Java(TM) SE Runtime Environment (8.0_91-b14) (build 1.8.0_91-b14)
# Java VM: Java HotSpot(TM) 64-Bit Server VM (25.91-b14 mixed mode bsd-amd64 compressed oops)
Heap:
 PSYoungGen      total 447488K, used 6945K [0x000000076ab00000, 0x0000000787480000, 0x00000007c0000000)
  eden space 429568K, 1% used [0x000000076ab00000,0x000000076b1c84d0,0x0000000784e80000)
  from space 17920K, 0% used [0x0000000786100000,0x0000000786100000,0x0000000787280000)
  to   space 18944K, 0% used [0x0000000784e80000,0x0000000784e80000,0x0000000786100000)
 ParOldGen       total 84992K, used 22077K [0x00000006c0000000, 0x00000006c5300000, 0x000000076ab00000)
  object space 84992K, 25% used [0x00000006c0000000,0x00000006c158f588,0x00000006c5300000)
 Metaspace       used 33884K, capacity 34496K, committed 34688K, reserved 1079296K
  class space    used 4270K, capacity 4449K, committed 4480K, reserved 1048576K
GC Heap History (10 events):
Event: 57.932 GC heap before
{Heap before GC invocations=9 (full 1):
 PSYoungGen      total 134656K, used 93535K [0x000000076ab00000, 0x000000077ad00000, 0x00000007c0000000)
  eden space 119296K, 65% used [0x000000076ab00000,0x000000076f75a670,0x0000000771f80000)
  from space 15360K, 99% used [0x0000000771f80000,0x0000000772e7d948,0x0000000772e80000)
  to   space 17920K, 0% used [0x0000000779b80000,0x0000000779b80000,0x000000077ad00000)
 ParOldGen       total 84992K, used 15907K [0x00000006c0000000, 0x00000006c5300000, 0x000000076ab00000)
  object space 84992K, 18% used [0x00000006c0000000,0x00000006c0f88ef0,0x00000006c5300000)
 Metaspace       used 33670K, capacity 34168K, committed 34432K, reserved 1079296K
  class space    used 4244K, capacity 4383K, committed 4480K, reserved 1048576K
Event: 57.942 GC heap after
Heap after GC invocations=9 (full 1):
 PSYoungGen      total 246272K, used 10223K [0x000000076ab00000, 0x000000077ad00000, 0x00000007c0000000)
  eden space 228352K, 0% used [0x000000076ab00000,0x000000076ab00000,0x0000000778a00000)
  from space 17920K, 57% used [0x0000000779b80000,0x000000077a57bce0,0x000000077ad00000)
  to   space 17920K, 0% used [0x0000000778a00000,0x0000000778a00000,0x0000000779b80000)
 ParOldGen       total 84992K, used 20072K [0x00000006c0000000, 0x00000006c5300000, 0x000000076ab00000)
  object space 84992K, 23% used [0x00000006c0000000,0x00000006c139a2e8,0x00000006c5300000)
 Metaspace       used 33670K, capacity 34168K, committed 34432K, reserved 1079296K
  class space    used 4244K, capacity 4383K, committed 4480K, reserved 1048576K
}
Event: 57.942 GC heap before
{Heap before GC invocations=10 (full 2):
 PSYoungGen      total 246272K, used 10223K [0x000000076ab00000, 0x000000077ad00000, 0x00000007c0000000)
  eden space 228352K, 0% used [0x000000076ab00000,0x000000076ab00000,0x0000000778a00000)
  from space 17920K, 57% used [0x0000000779b80000,0x000000077a57bce0,0x000000077ad00000)
  to   space 17920K, 0% used [0x0000000778a00000,0x0000000778a00000,0x0000000779b80000)
 ParOldGen       total 84992K, used 20072K [0x00000006c0000000, 0x00000006c5300000, 0x000000076ab00000)
  object space 84992K, 23% used [0x00000006c0000000,0x00000006c139a2e8,0x00000006c5300000)
 Metaspace       used 33670K, capacity 34168K, committed 34432K, reserved 1079296K
  class space    used 4244K, capacity 4383K, committed 4480K, reserved 1048576K
Event: 58.035 GC heap after
Heap after GC invocations=10 (full 2):
 PSYoungGen      total 246272K, used 0K [0x000000076ab00000, 0x000000077ad00000, 0x00000007c0000000)
  eden space 228352K, 0% used [0x000000076ab00000,0x000000076ab00000,0x0000000778a00000)
  from space 17920K, 0% used [0x0000000779b80000,0x0000000779b80000,0x000000077ad00000)
  to   space 17920K, 0% used [0x0000000778a00000,0x0000000778a00000,0x0000000779b80000)
 ParOldGen       total 84992K, used 22525K [0x00000006c0000000, 0x00000006c5300000, 0x000000076ab00000)
  object space 84992K, 26% used [0x00000006c0000000,0x00000006c15ff740,0x00000006c5300000)
 Metaspace       used 33664K, capacity 34150K, committed 34432K, reserved 1079296K
  class space    used 4242K, capacity 4380K, committed 4480K, reserved 1048576K
}
Event: 68.750 GC heap before
{Heap before GC invocations=11 (full 2):
 PSYoungGen      total 246272K, used 228352K [0x000000076ab00000, 0x000000077ad00000, 0x00000007c0000000)
  eden space 228352K, 100% used [0x000000076ab00000,0x0000000778a00000,0x0000000778a00000)
  from space 17920K, 0% used [0x0000000779b80000,0x0000000779b80000,0x000000077ad00000)
  to   space 17920K, 0% used [0x0000000778a00000,0x0000000778a00000,0x0000000779b80000)
 ParOldGen       total 84992K, used 22525K [0x00000006c0000000, 0x00000006c5300000, 0x000000076ab00000)
  object space 84992K, 26% used [0x00000006c0000000,0x00000006c15ff740,0x00000006c5300000)
 Metaspace       used 33872K, capacity 34478K, committed 34688K, reserved 1079296K
  class space    used 4268K, capacity 4444K, committed 4480K, reserved 1048576K
Event: 68.756 GC heap after
Heap after GC invocations=11 (full 2):
 PSYoungGen      total 246272K, used 6088K [0x000000076ab00000, 0x0000000787280000, 0x00000007c0000000)
  eden space 228352K, 0% used [0x000000076ab00000,0x000000076ab00000,0x0000000778a00000)
  from space 17920K, 33% used [0x0000000778a00000,0x0000000778ff2188,0x0000000779b80000)
  to   space 17920K, 0% used [0x0000000786100000,0x0000000786100000,0x0000000787280000)
 ParOldGen       total 84992K, used 22533K [0x00000006c0000000, 0x00000006c5300000, 0x000000076ab00000)
  object space 84992K, 26% used [0x00000006c0000000,0x00000006c1601740,0x00000006c5300000)
 Metaspace       used 33872K, capacity 34478K, committed 34688K, reserved 1079296K
  class space    used 4268K, capacity 4444K, committed 4480K, reserved 1048576K
}
Event: 204.769 GC heap before
{Heap before GC invocations=12 (full 2):
 PSYoungGen      total 246272K, used 48601K [0x000000076ab00000, 0x0000000787280000, 0x00000007c0000000)
  eden space 228352K, 18% used [0x000000076ab00000,0x000000076d484310,0x0000000778a00000)
  from space 17920K, 33% used [0x0000000778a00000,0x0000000778ff2188,0x0000000779b80000)
  to   space 17920K, 0% used [0x0000000786100000,0x0000000786100000,0x0000000787280000)
 ParOldGen       total 84992K, used 22533K [0x00000006c0000000, 0x00000006c5300000, 0x000000076ab00000)
  object space 84992K, 26% used [0x00000006c0000000,0x00000006c1601740,0x00000006c5300000)
 Metaspace       used 33882K, capacity 34490K, committed 34688K, reserved 1079296K
  class space    used 4269K, capacity 4447K, committed 4480K, reserved 1048576K
Event: 204.771 GC heap after
Heap after GC invocations=12 (full 2):
 PSYoungGen      total 447488K, used 1974K [0x000000076ab00000, 0x0000000787480000, 0x00000007c0000000)
  eden space 429568K, 0% used [0x000000076ab00000,0x000000076ab00000,0x0000000784e80000)
  from space 17920K, 11% used [0x0000000786100000,0x00000007862ed830,0x0000000787280000)
  to   space 18944K, 0% used [0x0000000784e80000,0x0000000784e80000,0x0000000786100000)
 ParOldGen       total 84992K, used 22541K [0x00000006c0000000, 0x00000006c5300000, 0x000000076ab00000)
  object space 84992K, 26% used [0x00000006c0000000,0x00000006c1603740,0x00000006c5300000)
 Metaspace       used 33882K, capacity 34490K, committed 34688K, reserved 1079296K
  class space    used 4269K, capacity 4447K, committed 4480K, reserved 1048576K
}
Event: 204.771 GC heap before
{Heap before GC invocations=13 (full 3):
 PSYoungGen      total 447488K, used 1974K [0x000000076ab00000, 0x0000000787480000, 0x00000007c0000000)
  eden space 429568K, 0% used [0x000000076ab00000,0x000000076ab00000,0x0000000784e80000)
  from space 17920K, 11% used [0x0000000786100000,0x00000007862ed830,0x0000000787280000)
  to   space 18944K, 0% used [0x0000000784e80000,0x0000000784e80000,0x0000000786100000)
 ParOldGen       total 84992K, used 22541K [0x00000006c0000000, 0x00000006c5300000, 0x000000076ab00000)
  object space 84992K, 26% used [0x00000006c0000000,0x00000006c1603740,0x00000006c5300000)
 Metaspace       used 33882K, capacity 34490K, committed 34688K, reserved 1079296K
  class space    used 4269K, capacity 4447K, committed 4480K, reserved 1048576K
Event: 204.940 GC heap after
Heap after GC invocations=13 (full 3):
 PSYoungGen      total 447488K, used 0K [0x000000076ab00000, 0x0000000787480000, 0x00000007c0000000)
  eden space 429568K, 0% used [0x000000076ab00000,0x000000076ab00000,0x0000000784e80000)
  from space 17920K, 0% used [0x0000000786100000,0x0000000786100000,0x0000000787280000)
  to   space 18944K, 0% used [0x0000000784e80000,0x0000000784e80000,0x0000000786100000)
 ParOldGen       total 84992K, used 22077K [0x00000006c0000000, 0x00000006c5300000, 0x000000076ab00000)
  object space 84992K, 25% used [0x00000006c0000000,0x00000006c158f588,0x00000006c5300000)
 Metaspace       used 33882K, capacity 34490K, committed 34688K, reserved 1079296K
  class space    used 4269K, capacity 4447K, committed 4480K, reserved 1048576K
}

