# JRE version: Java(TM) SE Runtime Environment (8.0_91-b14) (build 1.8.0_91-b14)
# Java VM: Java HotSpot(TM) 64-Bit Server VM (25.91-b14 mixed mode bsd-amd64 compressed oops)
Heap:
 PSYoungGen      total 264192K, used 3372K [0x000000076ab00000, 0x0000000787380000, 0x00000007c0000000)
  eden space 247296K, 1% used [0x000000076ab00000,0x000000076ae4b300,0x0000000779c80000)
  from space 16896K, 0% used [0x0000000779c80000,0x0000000779c80000,0x000000077ad00000)
  to   space 16896K, 0% used [0x0000000786300000,0x0000000786300000,0x0000000787380000)
 ParOldGen       total 83968K, used 23836K [0x00000006c0000000, 0x00000006c5200000, 0x000000076ab00000)
  object space 83968K, 28% used [0x00000006c0000000,0x00000006c1747130,0x00000006c5200000)
 Metaspace       used 34778K, capacity 35352K, committed 35584K, reserved 1081344K
  class space    used 4358K, capacity 4541K, committed 4608K, reserved 1048576K
GC Heap History (10 events):
Event: 21.702 GC heap before
{Heap before GC invocations=8 (full 1):
 PSYoungGen      total 247808K, used 84648K [0x000000076ab00000, 0x000000077be00000, 0x00000007c0000000)
  eden space 231936K, 30% used [0x000000076ab00000,0x000000076efc6bb8,0x0000000778d80000)
  from space 15872K, 89% used [0x0000000779e00000,0x000000077abe3550,0x000000077ad80000)
  to   space 16896K, 0% used [0x0000000778d80000,0x0000000778d80000,0x0000000779e00000)
 ParOldGen       total 83968K, used 15019K [0x00000006c0000000, 0x00000006c5200000, 0x000000076ab00000)
  object space 83968K, 17% used [0x00000006c0000000,0x00000006c0eaafe8,0x00000006c5200000)
 Metaspace       used 31453K, capacity 31942K, committed 32256K, reserved 1077248K
  class space    used 3932K, capacity 4090K, committed 4096K, reserved 1048576K
Event: 21.710 GC heap after
Heap after GC invocations=8 (full 1):
 PSYoungGen      total 248832K, used 11493K [0x000000076ab00000, 0x000000077bd00000, 0x00000007c0000000)
  eden space 231936K, 0% used [0x000000076ab00000,0x000000076ab00000,0x0000000778d80000)
  from space 16896K, 68% used [0x0000000778d80000,0x00000007798b9480,0x0000000779e00000)
  to   space 16384K, 0% used [0x000000077ad00000,0x000000077ad00000,0x000000077bd00000)
 ParOldGen       total 83968K, used 15027K [0x00000006c0000000, 0x00000006c5200000, 0x000000076ab00000)
  object space 83968K, 17% used [0x00000006c0000000,0x00000006c0eacfe8,0x00000006c5200000)
 Metaspace       used 31453K, capacity 31942K, committed 32256K, reserved 1077248K
  class space    used 3932K, capacity 4090K, committed 4096K, reserved 1048576K
}
Event: 21.710 GC heap before
{Heap before GC invocations=9 (full 2):
 PSYoungGen      total 248832K, used 11493K [0x000000076ab00000, 0x000000077bd00000, 0x00000007c0000000)
  eden space 231936K, 0% used [0x000000076ab00000,0x000000076ab00000,0x0000000778d80000)
  from space 16896K, 68% used [0x0000000778d80000,0x00000007798b9480,0x0000000779e00000)
  to   space 16384K, 0% used [0x000000077ad00000,0x000000077ad00000,0x000000077bd00000)
 ParOldGen       total 83968K, used 15027K [0x00000006c0000000, 0x00000006c5200000, 0x000000076ab00000)
  object space 83968K, 17% used [0x00000006c0000000,0x00000006c0eacfe8,0x00000006c5200000)
 Metaspace       used 31453K, capacity 31942K, committed 32256K, reserved 1077248K
  class space    used 3932K, capacity 4090K, committed 4096K, reserved 1048576K
Event: 21.794 GC heap after
Heap after GC invocations=9 (full 2):
 PSYoungGen      total 248832K, used 0K [0x000000076ab00000, 0x000000077bd00000, 0x00000007c0000000)
  eden space 231936K, 0% used [0x000000076ab00000,0x000000076ab00000,0x0000000778d80000)
  from space 16896K, 0% used [0x0000000778d80000,0x0000000778d80000,0x0000000779e00000)
  to   space 16384K, 0% used [0x000000077ad00000,0x000000077ad00000,0x000000077bd00000)
 ParOldGen       total 83968K, used 20146K [0x00000006c0000000, 0x00000006c5200000, 0x000000076ab00000)
  object space 83968K, 23% used [0x00000006c0000000,0x00000006c13ac890,0x00000006c5200000)
 Metaspace       used 31453K, capacity 31942K, committed 32256K, reserved 1077248K
  class space    used 3932K, capacity 4090K, committed 4096K, reserved 1048576K
}
Event: 32.468 GC heap before
{Heap before GC invocations=10 (full 2):
 PSYoungGen      total 248832K, used 231936K [0x000000076ab00000, 0x000000077bd00000, 0x00000007c0000000)
  eden space 231936K, 100% used [0x000000076ab00000,0x0000000778d80000,0x0000000778d80000)
  from space 16896K, 0% used [0x0000000778d80000,0x0000000778d80000,0x0000000779e00000)
  to   space 16384K, 0% used [0x000000077ad00000,0x000000077ad00000,0x000000077bd00000)
 ParOldGen       total 83968K, used 20146K [0x00000006c0000000, 0x00000006c5200000, 0x000000076ab00000)
  object space 83968K, 23% used [0x00000006c0000000,0x00000006c13ac890,0x00000006c5200000)
 Metaspace       used 31656K, capacity 32334K, committed 32640K, reserved 1077248K
  class space    used 3957K, capacity 4154K, committed 4224K, reserved 1048576K
Event: 32.473 GC heap after
Heap after GC invocations=10 (full 2):
 PSYoungGen      total 263680K, used 6195K [0x000000076ab00000, 0x0000000787380000, 0x00000007c0000000)
  eden space 247296K, 0% used [0x000000076ab00000,0x000000076ab00000,0x0000000779c80000)
  from space 16384K, 37% used [0x000000077ad00000,0x000000077b30cfa8,0x000000077bd00000)
  to   space 16896K, 0% used [0x0000000779c80000,0x0000000779c80000,0x000000077ad00000)
 ParOldGen       total 83968K, used 20154K [0x00000006c0000000, 0x00000006c5200000, 0x000000076ab00000)
  object space 83968K, 24% used [0x00000006c0000000,0x00000006c13ae890,0x00000006c5200000)
 Metaspace       used 31656K, capacity 32334K, committed 32640K, reserved 1077248K
  class space    used 3957K, capacity 4154K, committed 4224K, reserved 1048576K
}
Event: 61.843 GC heap before
{Heap before GC invocations=11 (full 2):
 PSYoungGen      total 263680K, used 76750K [0x000000076ab00000, 0x0000000787380000, 0x00000007c0000000)
  eden space 247296K, 28% used [0x000000076ab00000,0x000000076efe6a10,0x0000000779c80000)
  from space 16384K, 37% used [0x000000077ad00000,0x000000077b30cfa8,0x000000077bd00000)
  to   space 16896K, 0% used [0x0000000779c80000,0x0000000779c80000,0x000000077ad00000)
 ParOldGen       total 83968K, used 20154K [0x00000006c0000000, 0x00000006c5200000, 0x000000076ab00000)
  object space 83968K, 24% used [0x00000006c0000000,0x00000006c13ae890,0x00000006c5200000)
 Metaspace       used 34781K, capacity 35358K, committed 35584K, reserved 1081344K
  class space    used 4359K, capacity 4543K, committed 4608K, reserved 1048576K
Event: 61.847 GC heap after
Heap after GC invocations=11 (full 2):
 PSYoungGen      total 264192K, used 5730K [0x000000076ab00000, 0x0000000787380000, 0x00000007c0000000)
  eden space 247296K, 0% used [0x000000076ab00000,0x000000076ab00000,0x0000000779c80000)
  from space 16896K, 33% used [0x0000000779c80000,0x000000077a218ab0,0x000000077ad00000)
  to   space 16896K, 0% used [0x0000000786300000,0x0000000786300000,0x0000000787380000)
 ParOldGen       total 83968K, used 20162K [0x00000006c0000000, 0x00000006c5200000, 0x000000076ab00000)
  object space 83968K, 24% used [0x00000006c0000000,0x00000006c13b0890,0x00000006c5200000)
 Metaspace       used 34781K, capacity 35358K, committed 35584K, reserved 1081344K
  class space    used 4359K, capacity 4543K, committed 4608K, reserved 1048576K
}
Event: 61.847 GC heap before
{Heap before GC invocations=12 (full 3):
 PSYoungGen      total 264192K, used 5730K [0x000000076ab00000, 0x0000000787380000, 0x00000007c0000000)
  eden space 247296K, 0% used [0x000000076ab00000,0x000000076ab00000,0x0000000779c80000)
  from space 16896K, 33% used [0x0000000779c80000,0x000000077a218ab0,0x000000077ad00000)
  to   space 16896K, 0% used [0x0000000786300000,0x0000000786300000,0x0000000787380000)
 ParOldGen       total 83968K, used 20162K [0x00000006c0000000, 0x00000006c5200000, 0x000000076ab00000)
  object space 83968K, 24% used [0x00000006c0000000,0x00000006c13b0890,0x00000006c5200000)
 Metaspace       used 34781K, capacity 35358K, committed 35584K, reserved 1081344K
  class space    used 4359K, capacity 4543K, committed 4608K, reserved 1048576K
Event: 61.964 GC heap after
Heap after GC invocations=12 (full 3):
 PSYoungGen      total 264192K, used 0K [0x000000076ab00000, 0x0000000787380000, 0x00000007c0000000)
  eden space 247296K, 0% used [0x000000076ab00000,0x000000076ab00000,0x0000000779c80000)
  from space 16896K, 0% used [0x0000000779c80000,0x0000000779c80000,0x000000077ad00000)
  to   space 16896K, 0% used [0x0000000786300000,0x0000000786300000,0x0000000787380000)
 ParOldGen       total 83968K, used 23836K [0x00000006c0000000, 0x00000006c5200000, 0x000000076ab00000)
  object space 83968K, 28% used [0x00000006c0000000,0x00000006c1747130,0x00000006c5200000)
 Metaspace       used 34778K, capacity 35352K, committed 35584K, reserved 1081344K
  class space    used 4358K, capacity 4541K, committed 4608K, reserved 1048576K
}

