# JRE version: Java(TM) SE Runtime Environment (8.0_91-b14) (build 1.8.0_91-b14)
# Java VM: Java HotSpot(TM) 64-Bit Server VM (25.91-b14 mixed mode bsd-amd64 compressed oops)
Heap:
 PSYoungGen      total 666624K, used 4248K [0x000000076ab00000, 0x000000079ec00000, 0x00000007c0000000)
  eden space 664576K, 0% used [0x000000076ab00000,0x000000076af260d8,0x0000000793400000)
  from space 2048K, 0% used [0x0000000797780000,0x0000000797780000,0x0000000797980000)
  to   space 64000K, 0% used [0x000000079ad80000,0x000000079ad80000,0x000000079ec00000)
 ParOldGen       total 226304K, used 24383K [0x00000006c0000000, 0x00000006cdd00000, 0x000000076ab00000)
  object space 226304K, 10% used [0x00000006c0000000,0x00000006c17cffe0,0x00000006cdd00000)
 Metaspace       used 36920K, capacity 38700K, committed 39000K, reserved 1083392K
  class space    used 4571K, capacity 5202K, committed 5248K, reserved 1048576K
GC Heap History (10 events):
Event: 882.322 GC heap before
{Heap before GC invocations=25 (full 7):
 PSYoungGen      total 806400K, used 806381K [0x000000076ab00000, 0x00000007a7000000, 0x00000007c0000000)
  eden space 757248K, 100% used [0x000000076ab00000,0x0000000798e80000,0x0000000798e80000)
  from space 49152K, 99% used [0x0000000798e80000,0x000000079be7b700,0x000000079be80000)
  to   space 69120K, 0% used [0x00000007a2c80000,0x00000007a2c80000,0x00000007a7000000)
 ParOldGen       total 226304K, used 132406K [0x00000006c0000000, 0x00000006cdd00000, 0x000000076ab00000)
  object space 226304K, 58% used [0x00000006c0000000,0x00000006c814d8e8,0x00000006cdd00000)
 Metaspace       used 36547K, capacity 38180K, committed 38360K, reserved 1083392K
  class space    used 4534K, capacity 5103K, committed 5120K, reserved 1048576K
Event: 882.326 GC heap after
Heap after GC invocations=25 (full 7):
 PSYoungGen      total 728064K, used 3335K [0x000000076ab00000, 0x00000007a3000000, 0x00000007c0000000)
  eden space 724480K, 0% used [0x000000076ab00000,0x000000076ab00000,0x0000000796e80000)
  from space 3584K, 93% used [0x00000007a2c80000,0x00000007a2fc1f50,0x00000007a3000000)
  to   space 68608K, 0% used [0x000000079aa00000,0x000000079aa00000,0x000000079ed00000)
 ParOldGen       total 226304K, used 132694K [0x00000006c0000000, 0x00000006cdd00000, 0x000000076ab00000)
  object space 226304K, 58% used [0x00000006c0000000,0x00000006c81958e8,0x00000006cdd00000)
 Metaspace       used 36547K, capacity 38180K, committed 38360K, reserved 1083392K
  class space    used 4534K, capacity 5103K, committed 5120K, reserved 1048576K
}
Event: 919.100 GC heap before
{Heap before GC invocations=26 (full 7):
 PSYoungGen      total 728064K, used 727815K [0x000000076ab00000, 0x00000007a3000000, 0x00000007c0000000)
  eden space 724480K, 100% used [0x000000076ab00000,0x0000000796e80000,0x0000000796e80000)
  from space 3584K, 93% used [0x00000007a2c80000,0x00000007a2fc1f50,0x00000007a3000000)
  to   space 68608K, 0% used [0x000000079aa00000,0x000000079aa00000,0x000000079ed00000)
 ParOldGen       total 226304K, used 132694K [0x00000006c0000000, 0x00000006cdd00000, 0x000000076ab00000)
  object space 226304K, 58% used [0x00000006c0000000,0x00000006c81958e8,0x00000006cdd00000)
 Metaspace       used 36892K, capacity 38688K, committed 38744K, reserved 1083392K
  class space    used 4568K, capacity 5207K, committed 5248K, reserved 1048576K
Event: 919.113 GC heap after
Heap after GC invocations=26 (full 7):
 PSYoungGen      total 724992K, used 31041K [0x000000076ab00000, 0x00000007a2d00000, 0x00000007c0000000)
  eden space 693760K, 0% used [0x000000076ab00000,0x000000076ab00000,0x0000000795080000)
  from space 31232K, 99% used [0x000000079aa00000,0x000000079c8506f0,0x000000079c880000)
  to   space 67072K, 0% used [0x000000079eb80000,0x000000079eb80000,0x00000007a2d00000)
 ParOldGen       total 226304K, used 132702K [0x00000006c0000000, 0x00000006cdd00000, 0x000000076ab00000)
  object space 226304K, 58% used [0x00000006c0000000,0x00000006c81978e8,0x00000006cdd00000)
 Metaspace       used 36892K, capacity 38688K, committed 38744K, reserved 1083392K
  class space    used 4568K, capacity 5207K, committed 5248K, reserved 1048576K
}
Event: 952.611 GC heap before
{Heap before GC invocations=27 (full 7):
 PSYoungGen      total 724992K, used 724801K [0x000000076ab00000, 0x00000007a2d00000, 0x00000007c0000000)
  eden space 693760K, 100% used [0x000000076ab00000,0x0000000795080000,0x0000000795080000)
  from space 31232K, 99% used [0x000000079aa00000,0x000000079c8506f0,0x000000079c880000)
  to   space 67072K, 0% used [0x000000079eb80000,0x000000079eb80000,0x00000007a2d00000)
 ParOldGen       total 226304K, used 132702K [0x00000006c0000000, 0x00000006cdd00000, 0x000000076ab00000)
  object space 226304K, 58% used [0x00000006c0000000,0x00000006c81978e8,0x00000006cdd00000)
 Metaspace       used 36936K, capacity 38736K, committed 39000K, reserved 1083392K
  class space    used 4575K, capacity 5215K, committed 5248K, reserved 1048576K
Event: 952.619 GC heap after
Heap after GC invocations=27 (full 7):
 PSYoungGen      total 675840K, used 10900K [0x000000076ab00000, 0x000000079f680000, 0x00000007c0000000)
  eden space 664576K, 0% used [0x000000076ab00000,0x000000076ab00000,0x0000000793400000)
  from space 11264K, 96% used [0x000000079eb80000,0x000000079f6252a0,0x000000079f680000)
  to   space 65024K, 0% used [0x0000000797780000,0x0000000797780000,0x000000079b700000)
 ParOldGen       total 226304K, used 132710K [0x00000006c0000000, 0x00000006cdd00000, 0x000000076ab00000)
  object space 226304K, 58% used [0x00000006c0000000,0x00000006c81998e8,0x00000006cdd00000)
 Metaspace       used 36936K, capacity 38736K, committed 39000K, reserved 1083392K
  class space    used 4575K, capacity 5215K, committed 5248K, reserved 1048576K
}
Event: 1054.140 GC heap before
{Heap before GC invocations=28 (full 7):
 PSYoungGen      total 675840K, used 189703K [0x000000076ab00000, 0x000000079f680000, 0x00000007c0000000)
  eden space 664576K, 26% used [0x000000076ab00000,0x000000077599ca00,0x0000000793400000)
  from space 11264K, 96% used [0x000000079eb80000,0x000000079f6252a0,0x000000079f680000)
  to   space 65024K, 0% used [0x0000000797780000,0x0000000797780000,0x000000079b700000)
 ParOldGen       total 226304K, used 132710K [0x00000006c0000000, 0x00000006cdd00000, 0x000000076ab00000)
  object space 226304K, 58% used [0x00000006c0000000,0x00000006c81998e8,0x00000006cdd00000)
 Metaspace       used 36940K, capacity 38748K, committed 39000K, reserved 1083392K
  class space    used 4576K, capacity 5218K, committed 5248K, reserved 1048576K
Event: 1054.143 GC heap after
Heap after GC invocations=28 (full 7):
 PSYoungGen      total 666624K, used 1780K [0x000000076ab00000, 0x000000079ec00000, 0x00000007c0000000)
  eden space 664576K, 0% used [0x000000076ab00000,0x000000076ab00000,0x0000000793400000)
  from space 2048K, 86% used [0x0000000797780000,0x000000079793d1e0,0x0000000797980000)
  to   space 64000K, 0% used [0x000000079ad80000,0x000000079ad80000,0x000000079ec00000)
 ParOldGen       total 226304K, used 132710K [0x00000006c0000000, 0x00000006cdd00000, 0x000000076ab00000)
  object space 226304K, 58% used [0x00000006c0000000,0x00000006c81998e8,0x00000006cdd00000)
 Metaspace       used 36940K, capacity 38748K, committed 39000K, reserved 1083392K
  class space    used 4576K, capacity 5218K, committed 5248K, reserved 1048576K
}
Event: 1054.143 GC heap before
{Heap before GC invocations=29 (full 8):
 PSYoungGen      total 666624K, used 1780K [0x000000076ab00000, 0x000000079ec00000, 0x00000007c0000000)
  eden space 664576K, 0% used [0x000000076ab00000,0x000000076ab00000,0x0000000793400000)
  from space 2048K, 86% used [0x0000000797780000,0x000000079793d1e0,0x0000000797980000)
  to   space 64000K, 0% used [0x000000079ad80000,0x000000079ad80000,0x000000079ec00000)
 ParOldGen       total 226304K, used 132710K [0x00000006c0000000, 0x00000006cdd00000, 0x000000076ab00000)
  object space 226304K, 58% used [0x00000006c0000000,0x00000006c81998e8,0x00000006cdd00000)
 Metaspace       used 36940K, capacity 38748K, committed 39000K, reserved 1083392K
  class space    used 4576K, capacity 5218K, committed 5248K, reserved 1048576K
Event: 1054.316 GC heap after
Heap after GC invocations=29 (full 8):
 PSYoungGen      total 666624K, used 0K [0x000000076ab00000, 0x000000079ec00000, 0x00000007c0000000)
  eden space 664576K, 0% used [0x000000076ab00000,0x000000076ab00000,0x0000000793400000)
  from space 2048K, 0% used [0x0000000797780000,0x0000000797780000,0x0000000797980000)
  to   space 64000K, 0% used [0x000000079ad80000,0x000000079ad80000,0x000000079ec00000)
 ParOldGen       total 226304K, used 24383K [0x00000006c0000000, 0x00000006cdd00000, 0x000000076ab00000)
  object space 226304K, 10% used [0x00000006c0000000,0x00000006c17cffe0,0x00000006cdd00000)
 Metaspace       used 36918K, capacity 38694K, committed 39000K, reserved 1083392K
  class space    used 4571K, capacity 5200K, committed 5248K, reserved 1048576K
}

